
Flutter crash report; please file at https://github.com/flutter/flutter/issues.
## command

flutter run

## exception

ArgumentError: Invalid argument(s): Cannot find executable for null.

```
#0      _getExecutable (package:process/src/interface/local_process_manager.dart:113:5)
#1      LocalProcessManager.start (package:process/src/interface/local_process_manager.dart:41:7)
#2      runCommand (package:flutter_tools/src/base/process.dart:115:25)
#3      _IOSDevicePortForwarder.forward (package:flutter_tools/src/ios/devices.dart:547:23)
<asynchronous suspension>
#4      ProtocolDiscovery._forwardPort (package:flutter_tools/src/protocol_discovery.dart:89:54)
<asynchronous suspension>
#5      ProtocolDiscovery._handleLine (package:flutter_tools/src/protocol_discovery.dart:78:27)
#6      _rootRunUnary (dart:async/zone.dart:1132:38)
#7      _CustomZone.runUnary (dart:async/zone.dart:1029:19)
#8      _CustomZone.runUnaryGuarded (dart:async/zone.dart:931:7)
#9      _BufferingStreamSubscription._sendData (dart:async/stream_impl.dart:336:11)
#10     _DelayedData.perform (dart:async/stream_impl.dart:584:14)
#11     _StreamImplEvents.handleNext (dart:async/stream_impl.dart:700:11)
#12     _PendingEvents.schedule.<anonymous closure> (dart:async/stream_impl.dart:660:7)
#13     _rootRun (dart:async/zone.dart:1124:13)
#14     _CustomZone.run (dart:async/zone.dart:1021:19)
#15     _CustomZone.bindCallback.<anonymous closure> (dart:async/zone.dart:947:23)
#16     _microtaskLoop (dart:async/schedule_microtask.dart:41:21)
#17     _startMicrotaskLoop (dart:async/schedule_microtask.dart:50:5)
#18     _runPendingImmediateCallback (dart:isolate/runtime/libisolate_patch.dart:114:13)
#19     _RawReceivePortImpl._handleMessage (dart:isolate/runtime/libisolate_patch.dart:170:5)
```

## flutter doctor

```
[✓] Flutter (Channel beta, v0.6.0, on Mac OS X 10.13.2 17C88, locale zh-Hant-HK)
    • Flutter version 0.6.0 at /Applications/flutter
    • Framework revision 9299c02cf7 (2 weeks ago), 2018-08-16 00:35:12 +0200
    • Engine revision e3687f70c7
    • Dart version 2.1.0-dev.0.0.flutter-be6309690f

[✗] Android toolchain - develop for Android devices
    ✗ Unable to locate Android SDK.
      Install Android Studio from: https://developer.android.com/studio/index.html
      On first launch it will assist you in installing the Android SDK components.
      (or visit https://flutter.io/setup/#android-setup for detailed instructions).
      If Android SDK has been installed to a custom location, set $ANDROID_HOME to that location.

[✓] iOS toolchain - develop for iOS devices (Xcode 9.4.1)
    • Xcode at /Applications/Xcode.app/Contents/Developer
    • Xcode 9.4.1, Build version 9F2000
    • ios-deploy 1.9.2
    • CocoaPods version 1.5.3

[✓] Android Studio (version 3.0)
    • Android Studio at /Applications/Android Studio.app/Contents
    ✗ Flutter plugin not installed; this adds Flutter specific functionality.
    ✗ Dart plugin not installed; this adds Dart specific functionality.
    • Java version OpenJDK Runtime Environment (build 1.8.0_152-release-915-b08)

[!] VS Code (version 1.26.1)
    • VS Code at /Applications/Visual Studio Code.app/Contents
    • Flutter extension not installed; install from
      https://marketplace.visualstudio.com/items?itemName=Dart-Code.flutter

[✓] Connected devices (1 available)
    • iPhone • f8519f90edfbfb2d511a6307331a0ccfa1f991f4 • ios • iOS 11.2.6

! Doctor found issues in 2 categories.
```
